<?xml version="1.0" encoding="UTF-8"?>
<testng-results ignored="0" total="2" passed="2" failed="0" skipped="0">
  <reporter-output>
  </reporter-output>
  <suite started-at="2025-06-25T21:27:32 IST" name="Default suite" finished-at="2025-06-25T21:28:09 IST" duration-ms="37848">
    <groups>
    </groups>
    <test started-at="2025-06-25T21:27:32 IST" name="Default test" finished-at="2025-06-25T21:28:09 IST" duration-ms="37848">
      <class name="geethanjali.testcomponents.Amazon">
        <test-method signature="dropDown()[pri:0, instance:geethanjali.testcomponents.Amazon@741a8937]" started-at="2025-06-25T21:27:32 IST" name="dropDown" finished-at="2025-06-25T21:27:55 IST" duration-ms="23727" status="PASS">
          <reporter-output>
          </reporter-output>
        </test-method> <!-- dropDown -->
        <test-method signature="totalSearch()[pri:0, instance:geethanjali.testcomponents.Amazon@741a8937]" started-at="2025-06-25T21:27:55 IST" name="totalSearch" finished-at="2025-06-25T21:28:09 IST" duration-ms="14047" status="PASS">
          <reporter-output>
          </reporter-output>
        </test-method> <!-- totalSearch -->
      </class> <!-- geethanjali.testcomponents.Amazon -->
    </test> <!-- Default test -->
  </suite> <!-- Default suite -->
</testng-results>
